<?xml version="1.0" encoding="UTF-8"?>
<!-- Generated by org.testng.reporters.JUnitXMLReporter -->
<testsuite ignored="0" hostname="WINDOWS-080F6S1" failures="1" tests="1" name="Test" time="0.106" errors="0" timestamp="2023-11-14T18:02:57 IST">
  <testcase classname="listeners.ListenerClass" name="sample" time="0.033">
    <failure type="java.lang.AssertionError" message="expected [false] but found [true]">
      <![CDATA[java.lang.AssertionError: expected [false] but found [true]
at listeners.ListenerClass.sample(ListenerClass.java:13)
at java.base/java.util.ArrayList.forEach(ArrayList.java:1511)
... Removed 29 stack frames]]>
    </failure>
  </testcase> <!-- sample -->
</testsuite> <!-- Test -->
